-------------------------------------------File was opened at 22:43:09------------------------------------------
list_dump from file: Main.cpp line 14 function: main

head = 0
tail = 0
free = 1

number:  0000 | 0001 | 0002 | 0003 | 0004 | 0005 | 0006 | 0007 | 0008 | 0009 | 0010 | 0011 | 0012 | 0013 | 0014 |

data:    -666 | 0000 | 0000 | 0000 | 0000 | 0000 | 0000 | 0000 | 0000 | 0000 | 0000 | 0000 | 0000 | 0000 | 0000 |

next:    0000 | -002 | -003 | -004 | -005 | -006 | -007 | -008 | -009 | -010 | -011 | -012 | -013 | -014 | -015 |

prev:    0000 | -001 | -001 | -001 | -001 | -001 | -001 | -001 | -001 | -001 | -001 | -001 | -001 | -001 | -001 |

---------------------------------------------------------------------------------------------------------------

list_dump from file: Main.cpp line 18 function: main

head = 1
tail = 1
free = 2

number:  0000 | 0001 | 0002 | 0003 | 0004 | 0005 | 0006 | 0007 | 0008 | 0009 | 0010 | 0011 | 0012 | 0013 | 0014 |

data:    -666 | 0010 | 0000 | 0000 | 0000 | 0000 | 0000 | 0000 | 0000 | 0000 | 0000 | 0000 | 0000 | 0000 | 0000 |

next:    0001 | 0000 | -003 | -004 | -005 | -006 | -007 | -008 | -009 | -010 | -011 | -012 | -013 | -014 | -015 |

prev:    0001 | 0000 | -001 | -001 | -001 | -001 | -001 | -001 | -001 | -001 | -001 | -001 | -001 | -001 | -001 |

---------------------------------------------------------------------------------------------------------------

list_dump from file: Main.cpp line 18 function: main

head = 1
tail = 2
free = 3

number:  0000 | 0001 | 0002 | 0003 | 0004 | 0005 | 0006 | 0007 | 0008 | 0009 | 0010 | 0011 | 0012 | 0013 | 0014 |

data:    -666 | 0010 | 0020 | 0000 | 0000 | 0000 | 0000 | 0000 | 0000 | 0000 | 0000 | 0000 | 0000 | 0000 | 0000 |

next:    0001 | 0002 | 0000 | -004 | -005 | -006 | -007 | -008 | -009 | -010 | -011 | -012 | -013 | -014 | -015 |

prev:    0002 | 0000 | 0001 | -001 | -001 | -001 | -001 | -001 | -001 | -001 | -001 | -001 | -001 | -001 | -001 |

---------------------------------------------------------------------------------------------------------------

list_dump from file: Main.cpp line 18 function: main

head = 1
tail = 3
free = 4

number:  0000 | 0001 | 0002 | 0003 | 0004 | 0005 | 0006 | 0007 | 0008 | 0009 | 0010 | 0011 | 0012 | 0013 | 0014 |

data:    -666 | 0010 | 0020 | 0030 | 0000 | 0000 | 0000 | 0000 | 0000 | 0000 | 0000 | 0000 | 0000 | 0000 | 0000 |

next:    0001 | 0002 | 0003 | 0000 | -005 | -006 | -007 | -008 | -009 | -010 | -011 | -012 | -013 | -014 | -015 |

prev:    0003 | 0000 | 0001 | 0002 | -001 | -001 | -001 | -001 | -001 | -001 | -001 | -001 | -001 | -001 | -001 |

---------------------------------------------------------------------------------------------------------------

list_dump from file: Main.cpp line 18 function: main

head = 1
tail = 4
free = 5

number:  0000 | 0001 | 0002 | 0003 | 0004 | 0005 | 0006 | 0007 | 0008 | 0009 | 0010 | 0011 | 0012 | 0013 | 0014 |

data:    -666 | 0010 | 0020 | 0030 | 0040 | 0000 | 0000 | 0000 | 0000 | 0000 | 0000 | 0000 | 0000 | 0000 | 0000 |

next:    0001 | 0002 | 0003 | 0004 | 0000 | -006 | -007 | -008 | -009 | -010 | -011 | -012 | -013 | -014 | -015 |

prev:    0004 | 0000 | 0001 | 0002 | 0003 | -001 | -001 | -001 | -001 | -001 | -001 | -001 | -001 | -001 | -001 |

---------------------------------------------------------------------------------------------------------------

list_dump from file: Main.cpp line 18 function: main

head = 1
tail = 5
free = 6

number:  0000 | 0001 | 0002 | 0003 | 0004 | 0005 | 0006 | 0007 | 0008 | 0009 | 0010 | 0011 | 0012 | 0013 | 0014 |

data:    -666 | 0010 | 0020 | 0030 | 0040 | 0050 | 0000 | 0000 | 0000 | 0000 | 0000 | 0000 | 0000 | 0000 | 0000 |

next:    0001 | 0002 | 0003 | 0004 | 0005 | 0000 | -007 | -008 | -009 | -010 | -011 | -012 | -013 | -014 | -015 |

prev:    0005 | 0000 | 0001 | 0002 | 0003 | 0004 | -001 | -001 | -001 | -001 | -001 | -001 | -001 | -001 | -001 |

---------------------------------------------------------------------------------------------------------------

list_dump from file: Main.cpp line 18 function: main

head = 1
tail = 6
free = 7

number:  0000 | 0001 | 0002 | 0003 | 0004 | 0005 | 0006 | 0007 | 0008 | 0009 | 0010 | 0011 | 0012 | 0013 | 0014 |

data:    -666 | 0010 | 0020 | 0030 | 0040 | 0050 | 0060 | 0000 | 0000 | 0000 | 0000 | 0000 | 0000 | 0000 | 0000 |

next:    0001 | 0002 | 0003 | 0004 | 0005 | 0006 | 0000 | -008 | -009 | -010 | -011 | -012 | -013 | -014 | -015 |

prev:    0006 | 0000 | 0001 | 0002 | 0003 | 0004 | 0005 | -001 | -001 | -001 | -001 | -001 | -001 | -001 | -001 |

---------------------------------------------------------------------------------------------------------------

list_dump from file: Main.cpp line 18 function: main

head = 1
tail = 7
free = 8

number:  0000 | 0001 | 0002 | 0003 | 0004 | 0005 | 0006 | 0007 | 0008 | 0009 | 0010 | 0011 | 0012 | 0013 | 0014 |

data:    -666 | 0010 | 0020 | 0030 | 0040 | 0050 | 0060 | 0070 | 0000 | 0000 | 0000 | 0000 | 0000 | 0000 | 0000 |

next:    0001 | 0002 | 0003 | 0004 | 0005 | 0006 | 0007 | 0000 | -009 | -010 | -011 | -012 | -013 | -014 | -015 |

prev:    0007 | 0000 | 0001 | 0002 | 0003 | 0004 | 0005 | 0006 | -001 | -001 | -001 | -001 | -001 | -001 | -001 |

---------------------------------------------------------------------------------------------------------------

list_dump from file: Main.cpp line 18 function: main

head = 1
tail = 8
free = 9

number:  0000 | 0001 | 0002 | 0003 | 0004 | 0005 | 0006 | 0007 | 0008 | 0009 | 0010 | 0011 | 0012 | 0013 | 0014 |

data:    -666 | 0010 | 0020 | 0030 | 0040 | 0050 | 0060 | 0070 | 0080 | 0000 | 0000 | 0000 | 0000 | 0000 | 0000 |

next:    0001 | 0002 | 0003 | 0004 | 0005 | 0006 | 0007 | 0008 | 0000 | -010 | -011 | -012 | -013 | -014 | -015 |

prev:    0008 | 0000 | 0001 | 0002 | 0003 | 0004 | 0005 | 0006 | 0007 | -001 | -001 | -001 | -001 | -001 | -001 |

---------------------------------------------------------------------------------------------------------------

list_dump from file: Main.cpp line 22 function: main

head = 1
tail = 8
free = 10

number:  0000 | 0001 | 0002 | 0003 | 0004 | 0005 | 0006 | 0007 | 0008 | 0009 | 0010 | 0011 | 0012 | 0013 | 0014 |

data:    -666 | 0010 | 0020 | 0030 | 0040 | 0050 | 0060 | 0070 | 0080 | 0025 | 0000 | 0000 | 0000 | 0000 | 0000 |

next:    0001 | 0002 | 0009 | 0004 | 0005 | 0006 | 0007 | 0008 | 0000 | 0003 | -011 | -012 | -013 | -014 | -015 |

prev:    0008 | 0000 | 0001 | 0009 | 0003 | 0004 | 0005 | 0006 | 0007 | 0002 | -001 | -001 | -001 | -001 | -001 |

---------------------------------------------------------------------------------------------------------------

list_dump from file: Main.cpp line 25 function: main

head = 1
tail = 10
free = 11

number:  0000 | 0001 | 0002 | 0003 | 0004 | 0005 | 0006 | 0007 | 0008 | 0009 | 0010 | 0011 | 0012 | 0013 | 0014 |

data:    -666 | 0010 | 0020 | 0030 | 0040 | 0050 | 0060 | 0070 | 0080 | 0025 | 0090 | 0000 | 0000 | 0000 | 0000 |

next:    0001 | 0002 | 0009 | 0004 | 0005 | 0006 | 0007 | 0008 | 0010 | 0003 | 0000 | -012 | -013 | -014 | -015 |

prev:    0010 | 0000 | 0001 | 0009 | 0003 | 0004 | 0005 | 0006 | 0007 | 0002 | 0008 | -001 | -001 | -001 | -001 |

---------------------------------------------------------------------------------------------------------------

list_dump from file: Main.cpp line 28 function: main

head = 1
tail = 8
free = 10

number:  0000 | 0001 | 0002 | 0003 | 0004 | 0005 | 0006 | 0007 | 0008 | 0009 | 0010 | 0011 | 0012 | 0013 | 0014 |

data:    -666 | 0010 | 0020 | 0030 | 0040 | 0050 | 0060 | 0070 | 0080 | 0025 | 0090 | 0000 | 0000 | 0000 | 0000 |

next:    0001 | 0002 | 0009 | 0004 | 0005 | 0006 | 0007 | 0008 | 0000 | 0003 | -011 | -012 | -013 | -014 | -015 |

prev:    0008 | 0000 | 0001 | 0009 | 0003 | 0004 | 0005 | 0006 | 0007 | 0002 | -001 | -001 | -001 | -001 | -001 |

---------------------------------------------------------------------------------------------------------------

list_dump from file: Main.cpp line 31 function: main

head = 2
tail = 8
free = 1

number:  0000 | 0001 | 0002 | 0003 | 0004 | 0005 | 0006 | 0007 | 0008 | 0009 | 0010 | 0011 | 0012 | 0013 | 0014 |

data:    -666 | 0010 | 0020 | 0030 | 0040 | 0050 | 0060 | 0070 | 0080 | 0025 | 0090 | 0000 | 0000 | 0000 | 0000 |

next:    0002 | -010 | 0009 | 0004 | 0005 | 0006 | 0007 | 0008 | 0000 | 0003 | -011 | -012 | -013 | -014 | -015 |

prev:    0008 | -001 | 0000 | 0009 | 0003 | 0004 | 0005 | 0006 | 0007 | 0002 | -001 | -001 | -001 | -001 | -001 |

---------------------------------------------------------------------------------------------------------------

list_dump from file: Main.cpp line 34 function: main

head = 9
tail = 8
free = 2

number:  0000 | 0001 | 0002 | 0003 | 0004 | 0005 | 0006 | 0007 | 0008 | 0009 | 0010 | 0011 | 0012 | 0013 | 0014 |

data:    -666 | 0010 | 0020 | 0030 | 0040 | 0050 | 0060 | 0070 | 0080 | 0025 | 0090 | 0000 | 0000 | 0000 | 0000 |

next:    0009 | -010 | -001 | 0004 | 0005 | 0006 | 0007 | 0008 | 0000 | 0003 | -011 | -012 | -013 | -014 | -015 |

prev:    0008 | -001 | -001 | 0009 | 0003 | 0004 | 0005 | 0006 | 0007 | 0000 | -001 | -001 | -001 | -001 | -001 |

---------------------------------------------------------------------------------------------------------------

list_dump from file: Main.cpp line 37 function: main

head = 9
tail = 8
free = 5

number:  0000 | 0001 | 0002 | 0003 | 0004 | 0005 | 0006 | 0007 | 0008 | 0009 | 0010 | 0011 | 0012 | 0013 | 0014 |

data:    -666 | 0010 | 0020 | 0030 | 0040 | 0050 | 0060 | 0070 | 0080 | 0025 | 0090 | 0000 | 0000 | 0000 | 0000 |

next:    0009 | -010 | -001 | 0004 | 0006 | -002 | 0007 | 0008 | 0000 | 0003 | -011 | -012 | -013 | -014 | -015 |

prev:    0008 | -001 | -001 | 0009 | 0003 | -001 | 0004 | 0006 | 0007 | 0000 | -001 | -001 | -001 | -001 | -001 |

---------------------------------------------------------------------------------------------------------------

list_dump from file: Main.cpp line 40 function: main

head = 5
tail = 8
free = 2

number:  0000 | 0001 | 0002 | 0003 | 0004 | 0005 | 0006 | 0007 | 0008 | 0009 | 0010 | 0011 | 0012 | 0013 | 0014 |

data:    -666 | 0010 | 0020 | 0030 | 0040 | 0007 | 0060 | 0070 | 0080 | 0025 | 0090 | 0000 | 0000 | 0000 | 0000 |

next:    0005 | -010 | -001 | 0004 | 0006 | 0009 | 0007 | 0008 | 0000 | 0003 | -011 | -012 | -013 | -014 | -015 |

prev:    0008 | -001 | -001 | 0009 | 0003 | 0000 | 0004 | 0006 | 0007 | 0005 | -001 | -001 | -001 | -001 | -001 |

---------------------------------------------------------------------------------------------------------------

list_dump from file: Main.cpp line 43 function: main

head = 2
tail = 8
free = 1

number:  0000 | 0001 | 0002 | 0003 | 0004 | 0005 | 0006 | 0007 | 0008 | 0009 | 0010 | 0011 | 0012 | 0013 | 0014 |

data:    -666 | 0010 | 0005 | 0030 | 0040 | 0007 | 0060 | 0070 | 0080 | 0025 | 0090 | 0000 | 0000 | 0000 | 0000 |

next:    0002 | -010 | 0005 | 0004 | 0006 | 0009 | 0007 | 0008 | 0000 | 0003 | -011 | -012 | -013 | -014 | -015 |

prev:    0008 | -001 | 0000 | 0009 | 0003 | 0002 | 0004 | 0006 | 0007 | 0005 | -001 | -001 | -001 | -001 | -001 |

---------------------------------------------------------------------------------------------------------------

list_dump from file: Main.cpp line 46 function: main

head = 1
tail = 8
free = 10

number:  0000 | 0001 | 0002 | 0003 | 0004 | 0005 | 0006 | 0007 | 0008 | 0009 | 0010 | 0011 | 0012 | 0013 | 0014 |

data:    -666 | 0003 | 0005 | 0030 | 0040 | 0007 | 0060 | 0070 | 0080 | 0025 | 0090 | 0000 | 0000 | 0000 | 0000 |

next:    0001 | 0002 | 0005 | 0004 | 0006 | 0009 | 0007 | 0008 | 0000 | 0003 | -011 | -012 | -013 | -014 | -015 |

prev:    0008 | 0000 | 0001 | 0009 | 0003 | 0002 | 0004 | 0006 | 0007 | 0005 | -001 | -001 | -001 | -001 | -001 |

---------------------------------------------------------------------------------------------------------------

-------------------------------------------File was closed successfully----------------------------------------


